# JRE version: Java(TM) SE Runtime Environment (12.0.1+12) (build 12.0.1+12)
# Java VM: Java HotSpot(TM) 64-Bit Server VM (12.0.1+12, mixed mode, sharing, tiered, compressed oops, g1 gc, bsd-amd64)
Heap:
 garbage-first heap   total 288768K, used 147486K [0x0000000700000000, 0x0000000800000000)
  region size 1024K, 12 young (12288K), 3 survivors (3072K)
 Metaspace       used 54119K, capacity 55581K, committed 55808K, reserved 1097728K
  class space    used 7581K, capacity 8159K, committed 8192K, reserved 1048576K
GC Heap History (10 events):
Event: 54.938 GC heap before
{Heap before GC invocations=39 (full 0):
 garbage-first heap   total 222208K, used 147321K [0x0000000700000000, 0x0000000800000000)
  region size 1024K, 14 young (14336K), 2 survivors (2048K)
 Metaspace       used 51493K, capacity 52797K, committed 52992K, reserved 1095680K
  class space    used 7193K, capacity 7678K, committed 7680K, reserved 1048576K
}
Event: 54.941 GC heap after
{Heap after GC invocations=40 (full 0):
 garbage-first heap   total 222208K, used 123477K [0x0000000700000000, 0x0000000800000000)
  region size 1024K, 3 young (3072K), 3 survivors (3072K)
 Metaspace       used 51493K, capacity 52797K, committed 52992K, reserved 1095680K
  class space    used 7193K, capacity 7678K, committed 7680K, reserved 1048576K
}
Event: 55.636 GC heap before
{Heap before GC invocations=41 (full 0):
 garbage-first heap   total 242688K, used 168533K [0x0000000700000000, 0x0000000800000000)
  region size 1024K, 20 young (20480K), 3 survivors (3072K)
 Metaspace       used 53095K, capacity 54455K, committed 54656K, reserved 1095680K
  class space    used 7455K, capacity 7960K, committed 8064K, reserved 1048576K
}
Event: 55.640 GC heap after
{Heap after GC invocations=42 (full 0):
 garbage-first heap   total 242688K, used 138852K [0x0000000700000000, 0x0000000800000000)
  region size 1024K, 4 young (4096K), 4 survivors (4096K)
 Metaspace       used 53095K, capacity 54455K, committed 54656K, reserved 1095680K
  class space    used 7455K, capacity 7960K, committed 8064K, reserved 1048576K
}
Event: 56.264 GC heap before
{Heap before GC invocations=43 (full 0):
 garbage-first heap   total 244736K, used 142948K [0x0000000700000000, 0x0000000800000000)
  region size 1024K, 7 young (7168K), 4 survivors (4096K)
 Metaspace       used 53321K, capacity 54717K, committed 54912K, reserved 1095680K
  class space    used 7476K, capacity 8026K, committed 8064K, reserved 1048576K
}
Event: 56.269 GC heap after
{Heap after GC invocations=44 (full 0):
 garbage-first heap   total 244736K, used 112482K [0x0000000700000000, 0x0000000800000000)
  region size 1024K, 3 young (3072K), 3 survivors (3072K)
 Metaspace       used 53321K, capacity 54717K, committed 54912K, reserved 1095680K
  class space    used 7476K, capacity 8026K, committed 8064K, reserved 1048576K
}
Event: 56.388 GC heap before
{Heap before GC invocations=45 (full 0):
 garbage-first heap   total 244736K, used 142178K [0x0000000700000000, 0x0000000800000000)
  region size 1024K, 5 young (5120K), 3 survivors (3072K)
 Metaspace       used 53402K, capacity 54821K, committed 54912K, reserved 1095680K
  class space    used 7483K, capacity 8037K, committed 8064K, reserved 1048576K
}
Event: 56.391 GC heap after
{Heap after GC invocations=46 (full 0):
 garbage-first heap   total 244736K, used 141224K [0x0000000700000000, 0x0000000800000000)
  region size 1024K, 3 young (3072K), 3 survivors (3072K)
 Metaspace       used 53402K, capacity 54821K, committed 54912K, reserved 1095680K
  class space    used 7483K, capacity 8037K, committed 8064K, reserved 1048576K
}
Event: 56.481 GC heap before
{Heap before GC invocations=47 (full 0):
 garbage-first heap   total 288768K, used 169896K [0x0000000700000000, 0x0000000800000000)
  region size 1024K, 6 young (6144K), 3 survivors (3072K)
 Metaspace       used 53661K, capacity 55087K, committed 55296K, reserved 1095680K
  class space    used 7518K, capacity 8083K, committed 8192K, reserved 1048576K
}
Event: 56.485 GC heap after
{Heap after GC invocations=48 (full 0):
 garbage-first heap   total 288768K, used 137246K [0x0000000700000000, 0x0000000800000000)
  region size 1024K, 3 young (3072K), 3 survivors (3072K)
 Metaspace       used 53661K, capacity 55087K, committed 55296K, reserved 1095680K
  class space    used 7518K, capacity 8083K, committed 8192K, reserved 1048576K
}

