# JRE version: Java(TM) SE Runtime Environment (15.0.1+9) (build 15.0.1+9-18)
# Java VM: Java HotSpot(TM) 64-Bit Server VM (15.0.1+9-18, mixed mode, sharing, tiered, compressed oops, g1 gc, bsd-amd64)
GC Precious Log:
 CPUs: 10 total, 10 available
 Memory: 65536M
 Large Page Support: Disabled
 NUMA Support: Disabled
 Compressed Oops: Enabled (Zero based)
 Heap Region Size: 8M
 Heap Min Capacity: 8M
 Heap Initial Capacity: 1G
 Heap Max Capacity: 16G
 Pre-touch: Disabled
 Parallel Workers: 9
 Concurrent Workers: 2
 Concurrent Refinement Workers: 9
 Periodic GC: Disabled
Heap:
 garbage-first heap   total 319488K, used 188728K [0x0000000400000000, 0x0000000800000000)
  region size 8192K, 7 young (57344K), 1 survivors (8192K)
 Metaspace       used 60647K, capacity 61325K, committed 62208K, reserved 1103872K
  class space    used 8065K, capacity 8315K, committed 8448K, reserved 1048576K
GC Heap History (20 events):
Event: 11.605 GC heap before
{Heap before GC invocations=8 (full 0):
 garbage-first heap   total 196608K, used 99477K [0x0000000400000000, 0x0000000800000000)
  region size 8192K, 3 young (24576K), 1 survivors (8192K)
 Metaspace       used 42590K, capacity 42941K, committed 43904K, reserved 1087488K
  class space    used 5847K, capacity 5982K, committed 6016K, reserved 1048576K
}
Event: 11.609 GC heap after
{Heap after GC invocations=9 (full 0):
 garbage-first heap   total 196608K, used 97089K [0x0000000400000000, 0x0000000800000000)
  region size 8192K, 1 young (8192K), 1 survivors (8192K)
 Metaspace       used 42590K, capacity 42941K, committed 43904K, reserved 1087488K
  class space    used 5847K, capacity 5982K, committed 6016K, reserved 1048576K
}
Event: 67.234 GC heap before
{Heap before GC invocations=10 (full 0):
 garbage-first heap   total 237568K, used 129857K [0x0000000400000000, 0x0000000800000000)
  region size 8192K, 4 young (32768K), 1 survivors (8192K)
 Metaspace       used 44039K, capacity 44402K, committed 45440K, reserved 1089536K
  class space    used 6008K, capacity 6148K, committed 6272K, reserved 1048576K
}
Event: 67.237 GC heap after
{Heap after GC invocations=11 (full 0):
 garbage-first heap   total 237568K, used 113157K [0x0000000400000000, 0x0000000800000000)
  region size 8192K, 1 young (8192K), 1 survivors (8192K)
 Metaspace       used 44039K, capacity 44402K, committed 45440K, reserved 1089536K
  class space    used 6008K, capacity 6148K, committed 6272K, reserved 1048576K
}
Event: 70.177 GC heap before
{Heap before GC invocations=12 (full 0):
 garbage-first heap   total 262144K, used 145925K [0x0000000400000000, 0x0000000800000000)
  region size 8192K, 4 young (32768K), 1 survivors (8192K)
 Metaspace       used 49547K, capacity 49954K, committed 50944K, reserved 1093632K
  class space    used 6872K, capacity 7031K, committed 7168K, reserved 1048576K
}
Event: 70.181 GC heap after
{Heap after GC invocations=13 (full 0):
 garbage-first heap   total 262144K, used 115357K [0x0000000400000000, 0x0000000800000000)
  region size 8192K, 1 young (8192K), 1 survivors (8192K)
 Metaspace       used 49547K, capacity 49954K, committed 50944K, reserved 1093632K
  class space    used 6872K, capacity 7031K, committed 7168K, reserved 1048576K
}
Event: 88.900 GC heap before
{Heap before GC invocations=14 (full 0):
 garbage-first heap   total 262144K, used 164509K [0x0000000400000000, 0x0000000800000000)
  region size 8192K, 6 young (49152K), 1 survivors (8192K)
 Metaspace       used 54444K, capacity 54924K, committed 55808K, reserved 1097728K
  class space    used 7419K, capacity 7611K, committed 7680K, reserved 1048576K
}
Event: 88.910 GC heap after
{Heap after GC invocations=15 (full 0):
 garbage-first heap   total 262144K, used 118609K [0x0000000400000000, 0x0000000800000000)
  region size 8192K, 1 young (8192K), 1 survivors (8192K)
 Metaspace       used 54444K, capacity 54924K, committed 55808K, reserved 1097728K
  class space    used 7419K, capacity 7611K, committed 7680K, reserved 1048576K
}
Event: 147.297 GC heap before
{Heap before GC invocations=16 (full 0):
 garbage-first heap   total 262144K, used 192337K [0x0000000400000000, 0x0000000800000000)
  region size 8192K, 8 young (65536K), 1 survivors (8192K)
 Metaspace       used 58837K, capacity 59419K, committed 60160K, reserved 1101824K
  class space    used 7946K, capacity 8176K, committed 8192K, reserved 1048576K
}
Event: 147.315 GC heap after
{Heap after GC invocations=17 (full 0):
 garbage-first heap   total 262144K, used 122130K [0x0000000400000000, 0x0000000800000000)
  region size 8192K, 1 young (8192K), 1 survivors (8192K)
 Metaspace       used 58837K, capacity 59419K, committed 60160K, reserved 1101824K
  class space    used 7946K, capacity 8176K, committed 8192K, reserved 1048576K
}
Event: 240.645 GC heap before
{Heap before GC invocations=17 (full 0):
 garbage-first heap   total 262144K, used 154898K [0x0000000400000000, 0x0000000800000000)
  region size 8192K, 6 young (49152K), 1 survivors (8192K)
 Metaspace       used 59447K, capacity 60036K, committed 60800K, reserved 1101824K
  class space    used 7963K, capacity 8208K, committed 8320K, reserved 1048576K
}
Event: 240.655 GC heap after
{Heap after GC invocations=18 (full 0):
 garbage-first heap   total 262144K, used 124845K [0x0000000400000000, 0x0000000800000000)
  region size 8192K, 1 young (8192K), 1 survivors (8192K)
 Metaspace       used 59447K, capacity 60036K, committed 60800K, reserved 1101824K
  class space    used 7963K, capacity 8208K, committed 8320K, reserved 1048576K
}
Event: 240.759 GC heap before
{Heap before GC invocations=19 (full 0):
 garbage-first heap   total 278528K, used 141229K [0x0000000400000000, 0x0000000800000000)
  region size 8192K, 3 young (24576K), 1 survivors (8192K)
 Metaspace       used 59481K, capacity 60100K, committed 60800K, reserved 1101824K
  class space    used 7966K, capacity 8208K, committed 8320K, reserved 1048576K
}
Event: 240.762 GC heap after
{Heap after GC invocations=20 (full 0):
 garbage-first heap   total 278528K, used 125611K [0x0000000400000000, 0x0000000800000000)
  region size 8192K, 1 young (8192K), 1 survivors (8192K)
 Metaspace       used 59481K, capacity 60100K, committed 60800K, reserved 1101824K
  class space    used 7966K, capacity 8208K, committed 8320K, reserved 1048576K
}
Event: 245.780 GC heap before
{Heap before GC invocations=21 (full 0):
 garbage-first heap   total 286720K, used 150187K [0x0000000400000000, 0x0000000800000000)
  region size 8192K, 3 young (24576K), 1 survivors (8192K)
 Metaspace       used 59816K, capacity 60377K, committed 61056K, reserved 1101824K
  class space    used 7983K, capacity 8214K, committed 8320K, reserved 1048576K
}
Event: 245.783 GC heap after
{Heap after GC invocations=22 (full 0):
 garbage-first heap   total 286720K, used 123065K [0x0000000400000000, 0x0000000800000000)
  region size 8192K, 1 young (8192K), 1 survivors (8192K)
 Metaspace       used 59816K, capacity 60377K, committed 61056K, reserved 1101824K
  class space    used 7983K, capacity 8214K, committed 8320K, reserved 1048576K
}
Event: 251.939 GC heap before
{Heap before GC invocations=23 (full 0):
 garbage-first heap   total 286720K, used 147641K [0x0000000400000000, 0x0000000800000000)
  region size 8192K, 4 young (32768K), 1 survivors (8192K)
 Metaspace       used 59866K, capacity 60505K, committed 61312K, reserved 1101824K
  class space    used 7984K, capacity 8214K, committed 8320K, reserved 1048576K
}
Event: 251.942 GC heap after
{Heap after GC invocations=24 (full 0):
 garbage-first heap   total 286720K, used 125484K [0x0000000400000000, 0x0000000800000000)
  region size 8192K, 1 young (8192K), 1 survivors (8192K)
 Metaspace       used 59866K, capacity 60505K, committed 61312K, reserved 1101824K
  class space    used 7984K, capacity 8214K, committed 8320K, reserved 1048576K
}
Event: 322.915 GC heap before
{Heap before GC invocations=25 (full 0):
 garbage-first heap   total 286720K, used 182828K [0x0000000400000000, 0x0000000800000000)
  region size 8192K, 7 young (57344K), 1 survivors (8192K)
 Metaspace       used 60541K, capacity 61133K, committed 61952K, reserved 1103872K
  class space    used 8065K, capacity 8315K, committed 8448K, reserved 1048576K
}
Event: 322.919 GC heap after
{Heap after GC invocations=26 (full 0):
 garbage-first heap   total 286720K, used 139576K [0x0000000400000000, 0x0000000800000000)
  region size 8192K, 1 young (8192K), 1 survivors (8192K)
 Metaspace       used 60541K, capacity 61133K, committed 61952K, reserved 1103872K
  class space    used 8065K, capacity 8315K, committed 8448K, reserved 1048576K
}

