# JRE version: Java(TM) SE Runtime Environment (15.0.1+9) (build 15.0.1+9-18)
# Java VM: Java HotSpot(TM) 64-Bit Server VM (15.0.1+9-18, mixed mode, sharing, tiered, compressed oops, g1 gc, bsd-amd64)
GC Precious Log:
 CPUs: 10 total, 10 available
 Memory: 65536M
 Large Page Support: Disabled
 NUMA Support: Disabled
 Compressed Oops: Enabled (Zero based)
 Heap Region Size: 8M
 Heap Min Capacity: 8M
 Heap Initial Capacity: 1G
 Heap Max Capacity: 16G
 Pre-touch: Disabled
 Parallel Workers: 9
 Concurrent Workers: 2
 Concurrent Refinement Workers: 9
 Periodic GC: Disabled
Heap:
 garbage-first heap   total 262144K, used 132447K [0x0000000400000000, 0x0000000800000000)
  region size 8192K, 2 young (16384K), 1 survivors (8192K)
 Metaspace       used 50041K, capacity 50435K, committed 51200K, reserved 1093632K
  class space    used 6910K, capacity 7063K, committed 7168K, reserved 1048576K
GC Heap History (20 events):
Event: 8.589 GC heap before
{Heap before GC invocations=4 (full 0):
 garbage-first heap   total 196608K, used 89824K [0x0000000400000000, 0x0000000800000000)
  region size 8192K, 8 young (65536K), 1 survivors (8192K)
 Metaspace       used 34874K, capacity 35135K, committed 35840K, reserved 1081344K
  class space    used 4567K, capacity 4684K, committed 4736K, reserved 1048576K
}
Event: 8.603 GC heap after
{Heap after GC invocations=5 (full 0):
 garbage-first heap   total 196608K, used 51926K [0x0000000400000000, 0x0000000800000000)
  region size 8192K, 1 young (8192K), 1 survivors (8192K)
 Metaspace       used 34874K, capacity 35135K, committed 35840K, reserved 1081344K
  class space    used 4567K, capacity 4684K, committed 4736K, reserved 1048576K
}
Event: 10.399 GC heap before
{Heap before GC invocations=6 (full 0):
 garbage-first heap   total 196608K, used 92886K [0x0000000400000000, 0x0000000800000000)
  region size 8192K, 7 young (57344K), 1 survivors (8192K)
 Metaspace       used 40443K, capacity 40738K, committed 41472K, reserved 1085440K
  class space    used 5459K, capacity 5590K, committed 5632K, reserved 1048576K
}
Event: 10.406 GC heap after
{Heap after GC invocations=7 (full 0):
 garbage-first heap   total 196608K, used 64981K [0x0000000400000000, 0x0000000800000000)
  region size 8192K, 1 young (8192K), 1 survivors (8192K)
 Metaspace       used 40443K, capacity 40738K, committed 41472K, reserved 1085440K
  class space    used 5459K, capacity 5590K, committed 5632K, reserved 1048576K
}
Event: 11.071 GC heap before
{Heap before GC invocations=7 (full 0):
 garbage-first heap   total 196608K, used 122325K [0x0000000400000000, 0x0000000800000000)
  region size 8192K, 6 young (49152K), 1 survivors (8192K)
 Metaspace       used 41384K, capacity 41699K, committed 42496K, reserved 1085440K
  class space    used 5711K, capacity 5846K, committed 5888K, reserved 1048576K
}
Event: 11.076 GC heap after
{Heap after GC invocations=8 (full 0):
 garbage-first heap   total 196608K, used 91037K [0x0000000400000000, 0x0000000800000000)
  region size 8192K, 1 young (8192K), 1 survivors (8192K)
 Metaspace       used 41384K, capacity 41699K, committed 42496K, reserved 1085440K
  class space    used 5711K, capacity 5846K, committed 5888K, reserved 1048576K
}
Event: 11.847 GC heap before
{Heap before GC invocations=8 (full 0):
 garbage-first heap   total 196608K, used 99229K [0x0000000400000000, 0x0000000800000000)
  region size 8192K, 3 young (24576K), 1 survivors (8192K)
 Metaspace       used 42478K, capacity 42779K, committed 43648K, reserved 1087488K
  class space    used 5829K, capacity 5950K, committed 6016K, reserved 1048576K
}
Event: 11.850 GC heap after
{Heap after GC invocations=9 (full 0):
 garbage-first heap   total 196608K, used 96705K [0x0000000400000000, 0x0000000800000000)
  region size 8192K, 1 young (8192K), 1 survivors (8192K)
 Metaspace       used 42478K, capacity 42779K, committed 43648K, reserved 1087488K
  class space    used 5829K, capacity 5950K, committed 6016K, reserved 1048576K
}
Event: 193.415 GC heap before
{Heap before GC invocations=10 (full 0):
 garbage-first heap   total 237568K, used 137665K [0x0000000400000000, 0x0000000800000000)
  region size 8192K, 4 young (32768K), 1 survivors (8192K)
 Metaspace       used 42828K, capacity 43131K, committed 43904K, reserved 1087488K
  class space    used 5849K, capacity 5982K, committed 6016K, reserved 1048576K
}
Event: 193.417 GC heap after
{Heap after GC invocations=11 (full 0):
 garbage-first heap   total 237568K, used 112858K [0x0000000400000000, 0x0000000800000000)
  region size 8192K, 1 young (8192K), 1 survivors (8192K)
 Metaspace       used 42828K, capacity 43131K, committed 43904K, reserved 1087488K
  class space    used 5849K, capacity 5982K, committed 6016K, reserved 1048576K
}
Event: 365.147 GC heap before
{Heap before GC invocations=11 (full 0):
 garbage-first heap   total 237568K, used 137434K [0x0000000400000000, 0x0000000800000000)
  region size 8192K, 5 young (40960K), 1 survivors (8192K)
 Metaspace       used 44121K, capacity 44435K, committed 45312K, reserved 1089536K
  class space    used 6007K, capacity 6117K, committed 6144K, reserved 1048576K
}
Event: 365.150 GC heap after
{Heap after GC invocations=12 (full 0):
 garbage-first heap   total 237568K, used 96375K [0x0000000400000000, 0x0000000800000000)
  region size 8192K, 1 young (8192K), 1 survivors (8192K)
 Metaspace       used 44121K, capacity 44435K, committed 45312K, reserved 1089536K
  class space    used 6007K, capacity 6117K, committed 6144K, reserved 1048576K
}
Event: 369.921 GC heap before
{Heap before GC invocations=13 (full 0):
 garbage-first heap   total 237568K, used 137335K [0x0000000400000000, 0x0000000800000000)
  region size 8192K, 5 young (40960K), 1 survivors (8192K)
 Metaspace       used 49513K, capacity 49920K, committed 50816K, reserved 1093632K
  class space    used 6853K, capacity 6999K, committed 7040K, reserved 1048576K
}
Event: 369.924 GC heap after
{Heap after GC invocations=14 (full 0):
 garbage-first heap   total 237568K, used 115025K [0x0000000400000000, 0x0000000800000000)
  region size 8192K, 1 young (8192K), 1 survivors (8192K)
 Metaspace       used 49513K, capacity 49920K, committed 50816K, reserved 1093632K
  class space    used 6853K, capacity 6999K, committed 7040K, reserved 1048576K
}
Event: 374.779 GC heap before
{Heap before GC invocations=15 (full 0):
 garbage-first heap   total 262144K, used 155985K [0x0000000400000000, 0x0000000800000000)
  region size 8192K, 5 young (40960K), 1 survivors (8192K)
 Metaspace       used 50010K, capacity 50435K, committed 51200K, reserved 1093632K
  class space    used 6910K, capacity 7063K, committed 7168K, reserved 1048576K
}
Event: 374.785 GC heap after
{Heap after GC invocations=16 (full 0):
 garbage-first heap   total 262144K, used 116568K [0x0000000400000000, 0x0000000800000000)
  region size 8192K, 1 young (8192K), 1 survivors (8192K)
 Metaspace       used 50010K, capacity 50435K, committed 51200K, reserved 1093632K
  class space    used 6910K, capacity 7063K, committed 7168K, reserved 1048576K
}
Event: 374.969 GC heap before
{Heap before GC invocations=17 (full 0):
 garbage-first heap   total 262144K, used 132952K [0x0000000400000000, 0x0000000800000000)
  region size 8192K, 2 young (16384K), 1 survivors (8192K)
 Metaspace       used 50022K, capacity 50435K, committed 51200K, reserved 1093632K
  class space    used 6910K, capacity 7063K, committed 7168K, reserved 1048576K
}
Event: 374.973 GC heap after
{Heap after GC invocations=18 (full 0):
 garbage-first heap   total 262144K, used 116128K [0x0000000400000000, 0x0000000800000000)
  region size 8192K, 1 young (8192K), 1 survivors (8192K)
 Metaspace       used 50022K, capacity 50435K, committed 51200K, reserved 1093632K
  class space    used 6910K, capacity 7063K, committed 7168K, reserved 1048576K
}
Event: 375.114 GC heap before
{Heap before GC invocations=19 (full 0):
 garbage-first heap   total 262144K, used 132512K [0x0000000400000000, 0x0000000800000000)
  region size 8192K, 2 young (16384K), 1 survivors (8192K)
 Metaspace       used 50030K, capacity 50435K, committed 51200K, reserved 1093632K
  class space    used 6910K, capacity 7063K, committed 7168K, reserved 1048576K
}
Event: 375.118 GC heap after
{Heap after GC invocations=20 (full 0):
 garbage-first heap   total 262144K, used 116063K [0x0000000400000000, 0x0000000800000000)
  region size 8192K, 1 young (8192K), 1 survivors (8192K)
 Metaspace       used 50030K, capacity 50435K, committed 51200K, reserved 1093632K
  class space    used 6910K, capacity 7063K, committed 7168K, reserved 1048576K
}

