# JRE version: Java(TM) SE Runtime Environment (12.0.1+12) (build 12.0.1+12)
# Java VM: Java HotSpot(TM) 64-Bit Server VM (12.0.1+12, mixed mode, sharing, tiered, compressed oops, g1 gc, bsd-amd64)
Heap:
 garbage-first heap   total 288768K, used 171918K [0x0000000700000000, 0x0000000800000000)
  region size 1024K, 7 young (7168K), 2 survivors (2048K)
 Metaspace       used 56627K, capacity 58087K, committed 58236K, reserved 1099776K
  class space    used 7739K, capacity 8328K, committed 8396K, reserved 1048576K
GC Heap History (10 events):
Event: 205.588 GC heap before
{Heap before GC invocations=69 (full 0):
 garbage-first heap   total 288768K, used 170550K [0x0000000700000000, 0x0000000800000000)
  region size 1024K, 7 young (7168K), 3 survivors (3072K)
 Metaspace       used 55809K, capacity 57227K, committed 57340K, reserved 1097728K
  class space    used 7643K, capacity 8210K, committed 8268K, reserved 1048576K
}
Event: 205.592 GC heap after
{Heap after GC invocations=70 (full 0):
 garbage-first heap   total 288768K, used 153324K [0x0000000700000000, 0x0000000800000000)
  region size 1024K, 2 young (2048K), 2 survivors (2048K)
 Metaspace       used 55809K, capacity 57227K, committed 57340K, reserved 1097728K
  class space    used 7643K, capacity 8210K, committed 8268K, reserved 1048576K
}
Event: 241.111 GC heap before
{Heap before GC invocations=71 (full 0):
 garbage-first heap   total 288768K, used 174828K [0x0000000700000000, 0x0000000800000000)
  region size 1024K, 10 young (10240K), 2 survivors (2048K)
 Metaspace       used 55809K, capacity 57227K, committed 57340K, reserved 1097728K
  class space    used 7643K, capacity 8210K, committed 8268K, reserved 1048576K
}
Event: 241.115 GC heap after
{Heap after GC invocations=72 (full 0):
 garbage-first heap   total 288768K, used 138768K [0x0000000700000000, 0x0000000800000000)
  region size 1024K, 1 young (1024K), 1 survivors (1024K)
 Metaspace       used 55809K, capacity 57227K, committed 57340K, reserved 1097728K
  class space    used 7643K, capacity 8210K, committed 8268K, reserved 1048576K
}
Event: 267.681 GC heap before
{Heap before GC invocations=73 (full 0):
 garbage-first heap   total 288768K, used 173584K [0x0000000700000000, 0x0000000800000000)
  region size 1024K, 22 young (22528K), 1 survivors (1024K)
 Metaspace       used 56488K, capacity 57981K, committed 58236K, reserved 1099776K
  class space    used 7714K, capacity 8293K, committed 8396K, reserved 1048576K
}
Event: 267.684 GC heap after
{Heap after GC invocations=74 (full 0):
 garbage-first heap   total 288768K, used 137184K [0x0000000700000000, 0x0000000800000000)
  region size 1024K, 2 young (2048K), 2 survivors (2048K)
 Metaspace       used 56488K, capacity 57981K, committed 58236K, reserved 1099776K
  class space    used 7714K, capacity 8293K, committed 8396K, reserved 1048576K
}
Event: 291.967 GC heap before
{Heap before GC invocations=75 (full 0):
 garbage-first heap   total 288768K, used 148448K [0x0000000700000000, 0x0000000800000000)
  region size 1024K, 12 young (12288K), 2 survivors (2048K)
 Metaspace       used 56518K, capacity 57981K, committed 58236K, reserved 1099776K
  class space    used 7714K, capacity 8293K, committed 8396K, reserved 1048576K
}
Event: 291.969 GC heap after
{Heap after GC invocations=76 (full 0):
 garbage-first heap   total 288768K, used 124770K [0x0000000700000000, 0x0000000800000000)
  region size 1024K, 2 young (2048K), 2 survivors (2048K)
 Metaspace       used 56518K, capacity 57981K, committed 58236K, reserved 1099776K
  class space    used 7714K, capacity 8293K, committed 8396K, reserved 1048576K
}
Event: 292.095 GC heap before
{Heap before GC invocations=77 (full 0):
 garbage-first heap   total 288768K, used 154466K [0x0000000700000000, 0x0000000800000000)
  region size 1024K, 4 young (4096K), 2 survivors (2048K)
 Metaspace       used 56531K, capacity 57981K, committed 58236K, reserved 1099776K
  class space    used 7714K, capacity 8293K, committed 8396K, reserved 1048576K
}
Event: 292.098 GC heap after
{Heap after GC invocations=78 (full 0):
 garbage-first heap   total 288768K, used 153486K [0x0000000700000000, 0x0000000800000000)
  region size 1024K, 2 young (2048K), 2 survivors (2048K)
 Metaspace       used 56531K, capacity 57981K, committed 58236K, reserved 1099776K
  class space    used 7714K, capacity 8293K, committed 8396K, reserved 1048576K
}

