# JRE version: Java(TM) SE Runtime Environment (12.0.1+12) (build 12.0.1+12)
# Java VM: Java HotSpot(TM) 64-Bit Server VM (12.0.1+12, mixed mode, sharing, tiered, compressed oops, g1 gc, bsd-amd64)
Heap:
 garbage-first heap   total 261120K, used 144711K [0x0000000700000000, 0x0000000800000000)
  region size 1024K, 10 young (10240K), 3 survivors (3072K)
 Metaspace       used 53892K, capacity 55289K, committed 55472K, reserved 1097728K
  class space    used 7554K, capacity 8123K, committed 8192K, reserved 1048576K
GC Heap History (10 events):
Event: 658.819 GC heap before
{Heap before GC invocations=44 (full 0):
 garbage-first heap   total 239616K, used 150581K [0x0000000700000000, 0x0000000800000000)
  region size 1024K, 17 young (17408K), 2 survivors (2048K)
 Metaspace       used 52820K, capacity 54198K, committed 54320K, reserved 1095680K
  class space    used 7428K, capacity 7956K, committed 8064K, reserved 1048576K
}
Event: 658.822 GC heap after
{Heap after GC invocations=45 (full 0):
 garbage-first heap   total 239616K, used 123957K [0x0000000700000000, 0x0000000800000000)
  region size 1024K, 3 young (3072K), 3 survivors (3072K)
 Metaspace       used 52820K, capacity 54198K, committed 54320K, reserved 1095680K
  class space    used 7428K, capacity 7956K, committed 8064K, reserved 1048576K
}
Event: 659.517 GC heap before
{Heap before GC invocations=46 (full 0):
 garbage-first heap   total 239616K, used 127029K [0x0000000700000000, 0x0000000800000000)
  region size 1024K, 6 young (6144K), 3 survivors (3072K)
 Metaspace       used 53071K, capacity 54428K, committed 54576K, reserved 1095680K
  class space    used 7448K, capacity 7990K, committed 8064K, reserved 1048576K
}
Event: 659.521 GC heap after
{Heap after GC invocations=47 (full 0):
 garbage-first heap   total 239616K, used 111744K [0x0000000700000000, 0x0000000800000000)
  region size 1024K, 3 young (3072K), 3 survivors (3072K)
 Metaspace       used 53071K, capacity 54428K, committed 54576K, reserved 1095680K
  class space    used 7448K, capacity 7990K, committed 8064K, reserved 1048576K
}
Event: 659.597 GC heap before
{Heap before GC invocations=48 (full 0):
 garbage-first heap   total 239616K, used 126080K [0x0000000700000000, 0x0000000800000000)
  region size 1024K, 4 young (4096K), 3 survivors (3072K)
 Metaspace       used 53097K, capacity 54438K, committed 54576K, reserved 1095680K
  class space    used 7452K, capacity 7993K, committed 8064K, reserved 1048576K
}
Event: 659.600 GC heap after
{Heap after GC invocations=49 (full 0):
 garbage-first heap   total 239616K, used 126083K [0x0000000700000000, 0x0000000800000000)
  region size 1024K, 3 young (3072K), 3 survivors (3072K)
 Metaspace       used 53097K, capacity 54438K, committed 54576K, reserved 1095680K
  class space    used 7452K, capacity 7993K, committed 8064K, reserved 1048576K
}
Event: 659.662 GC heap before
{Heap before GC invocations=50 (full 0):
 garbage-first heap   total 240640K, used 153731K [0x0000000700000000, 0x0000000800000000)
  region size 1024K, 5 young (5120K), 3 survivors (3072K)
 Metaspace       used 53192K, capacity 54597K, committed 54832K, reserved 1095680K
  class space    used 7457K, capacity 8001K, committed 8064K, reserved 1048576K
}
Event: 659.665 GC heap after
{Heap after GC invocations=51 (full 0):
 garbage-first heap   total 240640K, used 138613K [0x0000000700000000, 0x0000000800000000)
  region size 1024K, 3 young (3072K), 3 survivors (3072K)
 Metaspace       used 53192K, capacity 54597K, committed 54832K, reserved 1095680K
  class space    used 7457K, capacity 8001K, committed 8064K, reserved 1048576K
}
Event: 659.902 GC heap before
{Heap before GC invocations=52 (full 0):
 garbage-first heap   total 261120K, used 156021K [0x0000000700000000, 0x0000000800000000)
  region size 1024K, 7 young (7168K), 3 survivors (3072K)
 Metaspace       used 53454K, capacity 54863K, committed 55088K, reserved 1095680K
  class space    used 7491K, capacity 8047K, committed 8064K, reserved 1048576K
}
Event: 659.904 GC heap after
{Heap after GC invocations=53 (full 0):
 garbage-first heap   total 261120K, used 136519K [0x0000000700000000, 0x0000000800000000)
  region size 1024K, 3 young (3072K), 3 survivors (3072K)
 Metaspace       used 53454K, capacity 54863K, committed 55088K, reserved 1095680K
  class space    used 7491K, capacity 8047K, committed 8064K, reserved 1048576K
}

