# JRE version: Java(TM) SE Runtime Environment (12.0.1+12) (build 12.0.1+12)
# Java VM: Java HotSpot(TM) 64-Bit Server VM (12.0.1+12, mixed mode, sharing, tiered, compressed oops, g1 gc, bsd-amd64)
Heap:
 garbage-first heap   total 263168K, used 143818K [0x0000000700000000, 0x0000000800000000)
  region size 1024K, 9 young (9216K), 3 survivors (3072K)
 Metaspace       used 56026K, capacity 57578K, committed 57724K, reserved 1099776K
  class space    used 7729K, capacity 8328K, committed 8396K, reserved 1048576K
GC Heap History (10 events):
Event: 70.670 GC heap before
{Heap before GC invocations=53 (full 0):
 garbage-first heap   total 263168K, used 177055K [0x0000000700000000, 0x0000000800000000)
  region size 1024K, 28 young (28672K), 3 survivors (3072K)
 Metaspace       used 55817K, capacity 57278K, committed 57468K, reserved 1097728K
  class space    used 7704K, capacity 8293K, committed 8396K, reserved 1048576K
}
Event: 70.673 GC heap after
{Heap after GC invocations=54 (full 0):
 garbage-first heap   total 263168K, used 136710K [0x0000000700000000, 0x0000000800000000)
  region size 1024K, 4 young (4096K), 4 survivors (4096K)
 Metaspace       used 55817K, capacity 57278K, committed 57468K, reserved 1097728K
  class space    used 7704K, capacity 8293K, committed 8396K, reserved 1048576K
}
Event: 82.823 GC heap before
{Heap before GC invocations=55 (full 0):
 garbage-first heap   total 263168K, used 144902K [0x0000000700000000, 0x0000000800000000)
  region size 1024K, 11 young (11264K), 4 survivors (4096K)
 Metaspace       used 55892K, capacity 57408K, committed 57724K, reserved 1099776K
  class space    used 7704K, capacity 8293K, committed 8396K, reserved 1048576K
}
Event: 82.827 GC heap after
{Heap after GC invocations=56 (full 0):
 garbage-first heap   total 263168K, used 124228K [0x0000000700000000, 0x0000000800000000)
  region size 1024K, 3 young (3072K), 3 survivors (3072K)
 Metaspace       used 55892K, capacity 57408K, committed 57724K, reserved 1099776K
  class space    used 7704K, capacity 8293K, committed 8396K, reserved 1048576K
}
Event: 82.901 GC heap before
{Heap before GC invocations=57 (full 0):
 garbage-first heap   total 263168K, used 139588K [0x0000000700000000, 0x0000000800000000)
  region size 1024K, 5 young (5120K), 3 survivors (3072K)
 Metaspace       used 55900K, capacity 57408K, committed 57724K, reserved 1099776K
  class space    used 7704K, capacity 8293K, committed 8396K, reserved 1048576K
}
Event: 82.904 GC heap after
{Heap after GC invocations=58 (full 0):
 garbage-first heap   total 263168K, used 138440K [0x0000000700000000, 0x0000000800000000)
  region size 1024K, 3 young (3072K), 3 survivors (3072K)
 Metaspace       used 55900K, capacity 57408K, committed 57724K, reserved 1099776K
  class space    used 7704K, capacity 8293K, committed 8396K, reserved 1048576K
}
Event: 82.968 GC heap before
{Heap before GC invocations=59 (full 0):
 garbage-first heap   total 263168K, used 153800K [0x0000000700000000, 0x0000000800000000)
  region size 1024K, 5 young (5120K), 3 survivors (3072K)
 Metaspace       used 55916K, capacity 57472K, committed 57724K, reserved 1099776K
  class space    used 7704K, capacity 8293K, committed 8396K, reserved 1048576K
}
Event: 82.970 GC heap after
{Heap after GC invocations=60 (full 0):
 garbage-first heap   total 263168K, used 138547K [0x0000000700000000, 0x0000000800000000)
  region size 1024K, 3 young (3072K), 3 survivors (3072K)
 Metaspace       used 55916K, capacity 57472K, committed 57724K, reserved 1099776K
  class space    used 7704K, capacity 8293K, committed 8396K, reserved 1048576K
}
Event: 83.171 GC heap before
{Heap before GC invocations=61 (full 0):
 garbage-first heap   total 263168K, used 153907K [0x0000000700000000, 0x0000000800000000)
  region size 1024K, 5 young (5120K), 3 survivors (3072K)
 Metaspace       used 55922K, capacity 57472K, committed 57724K, reserved 1099776K
  class space    used 7704K, capacity 8293K, committed 8396K, reserved 1048576K
}
Event: 83.174 GC heap after
{Heap after GC invocations=62 (full 0):
 garbage-first heap   total 263168K, used 136650K [0x0000000700000000, 0x0000000800000000)
  region size 1024K, 3 young (3072K), 3 survivors (3072K)
 Metaspace       used 55922K, capacity 57472K, committed 57724K, reserved 1099776K
  class space    used 7704K, capacity 8293K, committed 8396K, reserved 1048576K
}

