# JRE version: Java(TM) SE Runtime Environment (12.0.1+12) (build 12.0.1+12)
# Java VM: Java HotSpot(TM) 64-Bit Server VM (12.0.1+12, mixed mode, sharing, tiered, compressed oops, g1 gc, bsd-amd64)
Heap:
 garbage-first heap   total 266240K, used 143495K [0x0000000700000000, 0x0000000800000000)
  region size 1024K, 7 young (7168K), 3 survivors (3072K)
 Metaspace       used 56361K, capacity 57849K, committed 58112K, reserved 1099776K
  class space    used 7772K, capacity 8365K, committed 8448K, reserved 1048576K
GC Heap History (10 events):
Event: 78.811 GC heap before
{Heap before GC invocations=54 (full 0):
 garbage-first heap   total 266240K, used 177188K [0x0000000700000000, 0x0000000800000000)
  region size 1024K, 26 young (26624K), 4 survivors (4096K)
 Metaspace       used 56077K, capacity 57620K, committed 57856K, reserved 1099776K
  class space    used 7759K, capacity 8353K, committed 8448K, reserved 1048576K
}
Event: 78.816 GC heap after
{Heap after GC invocations=55 (full 0):
 garbage-first heap   total 266240K, used 125792K [0x0000000700000000, 0x0000000800000000)
  region size 1024K, 4 young (4096K), 4 survivors (4096K)
 Metaspace       used 56077K, capacity 57620K, committed 57856K, reserved 1099776K
  class space    used 7759K, capacity 8353K, committed 8448K, reserved 1048576K
}
Event: 80.643 GC heap before
{Heap before GC invocations=56 (full 0):
 garbage-first heap   total 266240K, used 130912K [0x0000000700000000, 0x0000000800000000)
  region size 1024K, 8 young (8192K), 4 survivors (4096K)
 Metaspace       used 56247K, capacity 57749K, committed 58112K, reserved 1099776K
  class space    used 7759K, capacity 8353K, committed 8448K, reserved 1048576K
}
Event: 80.648 GC heap after
{Heap after GC invocations=57 (full 0):
 garbage-first heap   total 266240K, used 113616K [0x0000000700000000, 0x0000000800000000)
  region size 1024K, 4 young (4096K), 4 survivors (4096K)
 Metaspace       used 56247K, capacity 57749K, committed 58112K, reserved 1099776K
  class space    used 7759K, capacity 8353K, committed 8448K, reserved 1048576K
}
Event: 80.719 GC heap before
{Heap before GC invocations=58 (full 0):
 garbage-first heap   total 266240K, used 128976K [0x0000000700000000, 0x0000000800000000)
  region size 1024K, 6 young (6144K), 4 survivors (4096K)
 Metaspace       used 56261K, capacity 57752K, committed 58112K, reserved 1099776K
  class space    used 7760K, capacity 8354K, committed 8448K, reserved 1048576K
}
Event: 80.722 GC heap after
{Heap after GC invocations=59 (full 0):
 garbage-first heap   total 266240K, used 127793K [0x0000000700000000, 0x0000000800000000)
  region size 1024K, 4 young (4096K), 4 survivors (4096K)
 Metaspace       used 56261K, capacity 57752K, committed 58112K, reserved 1099776K
  class space    used 7760K, capacity 8354K, committed 8448K, reserved 1048576K
}
Event: 80.796 GC heap before
{Heap before GC invocations=60 (full 0):
 garbage-first heap   total 266240K, used 155441K [0x0000000700000000, 0x0000000800000000)
  region size 1024K, 6 young (6144K), 4 survivors (4096K)
 Metaspace       used 56297K, capacity 57843K, committed 58112K, reserved 1099776K
  class space    used 7766K, capacity 8363K, committed 8448K, reserved 1048576K
}
Event: 80.800 GC heap after
{Heap after GC invocations=61 (full 0):
 garbage-first heap   total 266240K, used 140339K [0x0000000700000000, 0x0000000800000000)
  region size 1024K, 4 young (4096K), 4 survivors (4096K)
 Metaspace       used 56297K, capacity 57843K, committed 58112K, reserved 1099776K
  class space    used 7766K, capacity 8363K, committed 8448K, reserved 1048576K
}
Event: 80.976 GC heap before
{Heap before GC invocations=62 (full 0):
 garbage-first heap   total 266240K, used 155699K [0x0000000700000000, 0x0000000800000000)
  region size 1024K, 6 young (6144K), 4 survivors (4096K)
 Metaspace       used 56311K, capacity 57843K, committed 58112K, reserved 1099776K
  class space    used 7766K, capacity 8363K, committed 8448K, reserved 1048576K
}
Event: 80.980 GC heap after
{Heap after GC invocations=63 (full 0):
 garbage-first heap   total 266240K, used 138375K [0x0000000700000000, 0x0000000800000000)
  region size 1024K, 3 young (3072K), 3 survivors (3072K)
 Metaspace       used 56311K, capacity 57843K, committed 58112K, reserved 1099776K
  class space    used 7766K, capacity 8363K, committed 8448K, reserved 1048576K
}

