# JRE version: Java(TM) SE Runtime Environment (15.0.1+9) (build 15.0.1+9-18)
# Java VM: Java HotSpot(TM) 64-Bit Server VM (15.0.1+9-18, mixed mode, sharing, tiered, compressed oops, g1 gc, bsd-amd64)
GC Precious Log:
 CPUs: 10 total, 10 available
 Memory: 65536M
 Large Page Support: Disabled
 NUMA Support: Disabled
 Compressed Oops: Enabled (Zero based)
 Heap Region Size: 8M
 Heap Min Capacity: 8M
 Heap Initial Capacity: 1G
 Heap Max Capacity: 16G
 Pre-touch: Disabled
 Parallel Workers: 9
 Concurrent Workers: 2
 Concurrent Refinement Workers: 9
 Periodic GC: Disabled
Heap:
 garbage-first heap   total 278528K, used 142542K [0x0000000400000000, 0x0000000800000000)
  region size 8192K, 4 young (32768K), 1 survivors (8192K)
 Metaspace       used 61185K, capacity 61744K, committed 62208K, reserved 1103872K
  class space    used 8118K, capacity 8347K, committed 8448K, reserved 1048576K
GC Heap History (20 events):
Event: 86.452 GC heap before
{Heap before GC invocations=29 (full 0):
 garbage-first heap   total 278528K, used 136448K [0x0000000400000000, 0x0000000800000000)
  region size 8192K, 2 young (16384K), 1 survivors (8192K)
 Metaspace       used 50588K, capacity 51014K, committed 51712K, reserved 1093632K
  class space    used 6953K, capacity 7127K, committed 7168K, reserved 1048576K
}
Event: 86.455 GC heap after
{Heap after GC invocations=30 (full 0):
 garbage-first heap   total 278528K, used 120680K [0x0000000400000000, 0x0000000800000000)
  region size 8192K, 1 young (8192K), 1 survivors (8192K)
 Metaspace       used 50588K, capacity 51014K, committed 51712K, reserved 1093632K
  class space    used 6953K, capacity 7127K, committed 7168K, reserved 1048576K
}
Event: 86.563 GC heap before
{Heap before GC invocations=31 (full 0):
 garbage-first heap   total 278528K, used 137064K [0x0000000400000000, 0x0000000800000000)
  region size 8192K, 2 young (16384K), 1 survivors (8192K)
 Metaspace       used 50588K, capacity 51014K, committed 51712K, reserved 1093632K
  class space    used 6953K, capacity 7127K, committed 7168K, reserved 1048576K
}
Event: 86.564 GC heap after
{Heap after GC invocations=32 (full 0):
 garbage-first heap   total 278528K, used 118341K [0x0000000400000000, 0x0000000800000000)
  region size 8192K, 1 young (8192K), 1 survivors (8192K)
 Metaspace       used 50588K, capacity 51014K, committed 51712K, reserved 1093632K
  class space    used 6953K, capacity 7127K, committed 7168K, reserved 1048576K
}
Event: 88.200 GC heap before
{Heap before GC invocations=33 (full 0):
 garbage-first heap   total 278528K, used 134725K [0x0000000400000000, 0x0000000800000000)
  region size 8192K, 2 young (16384K), 1 survivors (8192K)
 Metaspace       used 50589K, capacity 51014K, committed 51712K, reserved 1093632K
  class space    used 6953K, capacity 7127K, committed 7168K, reserved 1048576K
}
Event: 88.202 GC heap after
{Heap after GC invocations=34 (full 0):
 garbage-first heap   total 278528K, used 118483K [0x0000000400000000, 0x0000000800000000)
  region size 8192K, 1 young (8192K), 1 survivors (8192K)
 Metaspace       used 50589K, capacity 51014K, committed 51712K, reserved 1093632K
  class space    used 6953K, capacity 7127K, committed 7168K, reserved 1048576K
}
Event: 88.290 GC heap before
{Heap before GC invocations=35 (full 0):
 garbage-first heap   total 278528K, used 134867K [0x0000000400000000, 0x0000000800000000)
  region size 8192K, 2 young (16384K), 1 survivors (8192K)
 Metaspace       used 50589K, capacity 51014K, committed 51712K, reserved 1093632K
  class space    used 6953K, capacity 7127K, committed 7168K, reserved 1048576K
}
Event: 88.291 GC heap after
{Heap after GC invocations=36 (full 0):
 garbage-first heap   total 278528K, used 118325K [0x0000000400000000, 0x0000000800000000)
  region size 8192K, 1 young (8192K), 1 survivors (8192K)
 Metaspace       used 50589K, capacity 51014K, committed 51712K, reserved 1093632K
  class space    used 6953K, capacity 7127K, committed 7168K, reserved 1048576K
}
Event: 89.402 GC heap before
{Heap before GC invocations=37 (full 0):
 garbage-first heap   total 278528K, used 134709K [0x0000000400000000, 0x0000000800000000)
  region size 8192K, 2 young (16384K), 1 survivors (8192K)
 Metaspace       used 50594K, capacity 51014K, committed 51712K, reserved 1093632K
  class space    used 6953K, capacity 7127K, committed 7168K, reserved 1048576K
}
Event: 89.404 GC heap after
{Heap after GC invocations=38 (full 0):
 garbage-first heap   total 278528K, used 118485K [0x0000000400000000, 0x0000000800000000)
  region size 8192K, 1 young (8192K), 1 survivors (8192K)
 Metaspace       used 50594K, capacity 51014K, committed 51712K, reserved 1093632K
  class space    used 6953K, capacity 7127K, committed 7168K, reserved 1048576K
}
Event: 89.496 GC heap before
{Heap before GC invocations=39 (full 0):
 garbage-first heap   total 278528K, used 134869K [0x0000000400000000, 0x0000000800000000)
  region size 8192K, 2 young (16384K), 1 survivors (8192K)
 Metaspace       used 50595K, capacity 51014K, committed 51712K, reserved 1093632K
  class space    used 6953K, capacity 7127K, committed 7168K, reserved 1048576K
}
Event: 89.497 GC heap after
{Heap after GC invocations=40 (full 0):
 garbage-first heap   total 278528K, used 120076K [0x0000000400000000, 0x0000000800000000)
  region size 8192K, 1 young (8192K), 1 survivors (8192K)
 Metaspace       used 50595K, capacity 51014K, committed 51712K, reserved 1093632K
  class space    used 6953K, capacity 7127K, committed 7168K, reserved 1048576K
}
Event: 91.182 GC heap before
{Heap before GC invocations=41 (full 0):
 garbage-first heap   total 278528K, used 136460K [0x0000000400000000, 0x0000000800000000)
  region size 8192K, 2 young (16384K), 1 survivors (8192K)
 Metaspace       used 50595K, capacity 51014K, committed 51712K, reserved 1093632K
  class space    used 6953K, capacity 7127K, committed 7168K, reserved 1048576K
}
Event: 91.184 GC heap after
{Heap after GC invocations=42 (full 0):
 garbage-first heap   total 278528K, used 118483K [0x0000000400000000, 0x0000000800000000)
  region size 8192K, 1 young (8192K), 1 survivors (8192K)
 Metaspace       used 50595K, capacity 51014K, committed 51712K, reserved 1093632K
  class space    used 6953K, capacity 7127K, committed 7168K, reserved 1048576K
}
Event: 91.314 GC heap before
{Heap before GC invocations=43 (full 0):
 garbage-first heap   total 278528K, used 134867K [0x0000000400000000, 0x0000000800000000)
  region size 8192K, 2 young (16384K), 1 survivors (8192K)
 Metaspace       used 50602K, capacity 51078K, committed 51712K, reserved 1093632K
  class space    used 6953K, capacity 7127K, committed 7168K, reserved 1048576K
}
Event: 91.314 GC heap after
{Heap after GC invocations=44 (full 0):
 garbage-first heap   total 278528K, used 118334K [0x0000000400000000, 0x0000000800000000)
  region size 8192K, 1 young (8192K), 1 survivors (8192K)
 Metaspace       used 50602K, capacity 51078K, committed 51712K, reserved 1093632K
  class space    used 6953K, capacity 7127K, committed 7168K, reserved 1048576K
}
Event: 100.588 GC heap before
{Heap before GC invocations=45 (full 0):
 garbage-first heap   total 278528K, used 159294K [0x0000000400000000, 0x0000000800000000)
  region size 8192K, 5 young (40960K), 1 survivors (8192K)
 Metaspace       used 55195K, capacity 55682K, committed 56448K, reserved 1097728K
  class space    used 7474K, capacity 7672K, committed 7808K, reserved 1048576K
}
Event: 100.592 GC heap after
{Heap after GC invocations=46 (full 0):
 garbage-first heap   total 278528K, used 121474K [0x0000000400000000, 0x0000000800000000)
  region size 8192K, 1 young (8192K), 1 survivors (8192K)
 Metaspace       used 55195K, capacity 55682K, committed 56448K, reserved 1097728K
  class space    used 7474K, capacity 7672K, committed 7808K, reserved 1048576K
}
Event: 169.957 GC heap before
{Heap before GC invocations=47 (full 0):
 garbage-first heap   total 278528K, used 219778K [0x0000000400000000, 0x0000000800000000)
  region size 8192K, 12 young (98304K), 1 survivors (8192K)
 Metaspace       used 60992K, capacity 61597K, committed 62208K, reserved 1103872K
  class space    used 8112K, capacity 8342K, committed 8448K, reserved 1048576K
}
Event: 169.967 GC heap after
{Heap after GC invocations=48 (full 0):
 garbage-first heap   total 278528K, used 126158K [0x0000000400000000, 0x0000000800000000)
  region size 8192K, 1 young (8192K), 1 survivors (8192K)
 Metaspace       used 60992K, capacity 61597K, committed 62208K, reserved 1103872K
  class space    used 8112K, capacity 8342K, committed 8448K, reserved 1048576K
}

