# JRE version: Java(TM) SE Runtime Environment (15.0.1+9) (build 15.0.1+9-18)
# Java VM: Java HotSpot(TM) 64-Bit Server VM (15.0.1+9-18, mixed mode, sharing, tiered, compressed oops, g1 gc, bsd-amd64)
GC Precious Log:
 CPUs: 12 total, 12 available
 Memory: 16384M
 Large Page Support: Disabled
 NUMA Support: Disabled
 Compressed Oops: Enabled (Zero based)
 Heap Region Size: 2M
 Heap Min Capacity: 8M
 Heap Initial Capacity: 256M
 Heap Max Capacity: 4G
 Pre-touch: Disabled
 Parallel Workers: 10
 Concurrent Workers: 3
 Concurrent Refinement Workers: 10
 Periodic GC: Disabled
Heap:
 garbage-first heap   total 208896K, used 131703K [0x0000000700000000, 0x0000000800000000)
  region size 2048K, 11 young (22528K), 3 survivors (6144K)
 Metaspace       used 45033K, capacity 45677K, committed 46236K, reserved 1089536K
  class space    used 6142K, capacity 6339K, committed 6476K, reserved 1048576K
GC Heap History (20 events):
Event: 4.828 GC heap before
{Heap before GC invocations=5 (full 0):
 garbage-first heap   total 110592K, used 87810K [0x0000000700000000, 0x0000000800000000)
  region size 2048K, 32 young (65536K), 2 survivors (4096K)
 Metaspace       used 31362K, capacity 31688K, committed 32304K, reserved 1077248K
  class space    used 4014K, capacity 4097K, committed 4224K, reserved 1048576K
}
Event: 4.836 GC heap after
{Heap after GC invocations=6 (full 0):
 garbage-first heap   total 110592K, used 39468K [0x0000000700000000, 0x0000000800000000)
  region size 2048K, 4 young (8192K), 4 survivors (8192K)
 Metaspace       used 31362K, capacity 31688K, committed 32304K, reserved 1077248K
  class space    used 4014K, capacity 4097K, committed 4224K, reserved 1048576K
}
Event: 6.629 GC heap before
{Heap before GC invocations=6 (full 0):
 garbage-first heap   total 110592K, used 66092K [0x0000000700000000, 0x0000000800000000)
  region size 2048K, 18 young (36864K), 4 survivors (8192K)
 Metaspace       used 33552K, capacity 34191K, committed 34480K, reserved 1079296K
  class space    used 4366K, capacity 4520K, committed 4608K, reserved 1048576K
}
Event: 6.638 GC heap after
{Heap after GC invocations=7 (full 0):
 garbage-first heap   total 110592K, used 46826K [0x0000000700000000, 0x0000000800000000)
  region size 2048K, 3 young (6144K), 3 survivors (6144K)
 Metaspace       used 33552K, capacity 34191K, committed 34480K, reserved 1079296K
  class space    used 4366K, capacity 4520K, committed 4608K, reserved 1048576K
}
Event: 8.035 GC heap before
{Heap before GC invocations=7 (full 0):
 garbage-first heap   total 110592K, used 71402K [0x0000000700000000, 0x0000000800000000)
  region size 2048K, 15 young (30720K), 3 survivors (6144K)
 Metaspace       used 35074K, capacity 35705K, committed 35920K, reserved 1081344K
  class space    used 4629K, capacity 4810K, committed 4864K, reserved 1048576K
}
Event: 8.040 GC heap after
{Heap after GC invocations=8 (full 0):
 garbage-first heap   total 110592K, used 53352K [0x0000000700000000, 0x0000000800000000)
  region size 2048K, 2 young (4096K), 2 survivors (4096K)
 Metaspace       used 35074K, capacity 35705K, committed 35920K, reserved 1081344K
  class space    used 4629K, capacity 4810K, committed 4864K, reserved 1048576K
}
Event: 8.090 GC heap before
{Heap before GC invocations=8 (full 0):
 garbage-first heap   total 110592K, used 55400K [0x0000000700000000, 0x0000000800000000)
  region size 2048K, 4 young (8192K), 2 survivors (4096K)
 Metaspace       used 35220K, capacity 35801K, committed 35920K, reserved 1081344K
  class space    used 4670K, capacity 4842K, committed 4864K, reserved 1048576K
}
Event: 8.093 GC heap after
{Heap after GC invocations=9 (full 0):
 garbage-first heap   total 110592K, used 55502K [0x0000000700000000, 0x0000000800000000)
  region size 2048K, 1 young (2048K), 1 survivors (2048K)
 Metaspace       used 35220K, capacity 35801K, committed 35920K, reserved 1081344K
  class space    used 4670K, capacity 4842K, committed 4864K, reserved 1048576K
}
Event: 9.421 GC heap before
{Heap before GC invocations=10 (full 0):
 garbage-first heap   total 110592K, used 73934K [0x0000000700000000, 0x0000000800000000)
  region size 2048K, 11 young (22528K), 1 survivors (2048K)
 Metaspace       used 36672K, capacity 37312K, committed 37532K, reserved 1081344K
  class space    used 4958K, capacity 5132K, committed 5196K, reserved 1048576K
}
Event: 9.424 GC heap after
{Heap after GC invocations=11 (full 0):
 garbage-first heap   total 110592K, used 60247K [0x0000000700000000, 0x0000000800000000)
  region size 2048K, 2 young (4096K), 2 survivors (4096K)
 Metaspace       used 36672K, capacity 37312K, committed 37532K, reserved 1081344K
  class space    used 4958K, capacity 5132K, committed 5196K, reserved 1048576K
}
Event: 9.815 GC heap before
{Heap before GC invocations=11 (full 0):
 garbage-first heap   total 110592K, used 76631K [0x0000000700000000, 0x0000000800000000)
  region size 2048K, 11 young (22528K), 2 survivors (4096K)
 Metaspace       used 40476K, capacity 41116K, committed 41628K, reserved 1085440K
  class space    used 5420K, capacity 5588K, committed 5708K, reserved 1048576K
}
Event: 9.820 GC heap after
{Heap after GC invocations=12 (full 0):
 garbage-first heap   total 110592K, used 63591K [0x0000000700000000, 0x0000000800000000)
  region size 2048K, 2 young (4096K), 2 survivors (4096K)
 Metaspace       used 40476K, capacity 41116K, committed 41628K, reserved 1085440K
  class space    used 5420K, capacity 5588K, committed 5708K, reserved 1048576K
}
Event: 10.114 GC heap before
{Heap before GC invocations=13 (full 0):
 garbage-first heap   total 116736K, used 79975K [0x0000000700000000, 0x0000000800000000)
  region size 2048K, 10 young (20480K), 2 survivors (4096K)
 Metaspace       used 41119K, capacity 41788K, committed 42268K, reserved 1085440K
  class space    used 5550K, capacity 5748K, committed 5836K, reserved 1048576K
}
Event: 10.118 GC heap after
{Heap after GC invocations=14 (full 0):
 garbage-first heap   total 116736K, used 68612K [0x0000000700000000, 0x0000000800000000)
  region size 2048K, 2 young (4096K), 2 survivors (4096K)
 Metaspace       used 41119K, capacity 41788K, committed 42268K, reserved 1085440K
  class space    used 5550K, capacity 5748K, committed 5836K, reserved 1048576K
}
Event: 10.313 GC heap before
{Heap before GC invocations=14 (full 0):
 garbage-first heap   total 116736K, used 80900K [0x0000000700000000, 0x0000000800000000)
  region size 2048K, 10 young (20480K), 2 survivors (4096K)
 Metaspace       used 41622K, capacity 42300K, committed 42652K, reserved 1085440K
  class space    used 5697K, capacity 5876K, committed 5964K, reserved 1048576K
}
Event: 10.316 GC heap after
{Heap after GC invocations=15 (full 0):
 garbage-first heap   total 116736K, used 73534K [0x0000000700000000, 0x0000000800000000)
  region size 2048K, 2 young (4096K), 2 survivors (4096K)
 Metaspace       used 41622K, capacity 42300K, committed 42652K, reserved 1085440K
  class space    used 5697K, capacity 5876K, committed 5964K, reserved 1048576K
}
Event: 10.419 GC heap before
{Heap before GC invocations=16 (full 0):
 garbage-first heap   total 163840K, used 96062K [0x0000000700000000, 0x0000000800000000)
  region size 2048K, 9 young (18432K), 2 survivors (4096K)
 Metaspace       used 41798K, capacity 42428K, committed 42780K, reserved 1085440K
  class space    used 5744K, capacity 5940K, committed 6092K, reserved 1048576K
}
Event: 10.421 GC heap after
{Heap after GC invocations=17 (full 0):
 garbage-first heap   total 163840K, used 85576K [0x0000000700000000, 0x0000000800000000)
  region size 2048K, 1 young (2048K), 1 survivors (2048K)
 Metaspace       used 41798K, capacity 42428K, committed 42780K, reserved 1085440K
  class space    used 5744K, capacity 5940K, committed 6092K, reserved 1048576K
}
Event: 10.686 GC heap before
{Heap before GC invocations=17 (full 0):
 garbage-first heap   total 163840K, used 101960K [0x0000000700000000, 0x0000000800000000)
  region size 2048K, 11 young (22528K), 1 survivors (2048K)
 Metaspace       used 42843K, capacity 43445K, committed 43804K, reserved 1087488K
  class space    used 5886K, capacity 6044K, committed 6092K, reserved 1048576K
}
Event: 10.689 GC heap after
{Heap after GC invocations=18 (full 0):
 garbage-first heap   total 163840K, used 90743K [0x0000000700000000, 0x0000000800000000)
  region size 2048K, 3 young (6144K), 3 survivors (6144K)
 Metaspace       used 42843K, capacity 43445K, committed 43804K, reserved 1087488K
  class space    used 5886K, capacity 6044K, committed 6092K, reserved 1048576K
}

